# JRE version: Java(TM) SE Runtime Environment (11.0.1+13) (build 11.0.1+13-LTS)
# Java VM: Java HotSpot(TM) 64-Bit Server VM (11.0.1+13-LTS, mixed mode, tiered, compressed oops, g1 gc, linux-amd64)
Heap:
 garbage-first heap   total 391168K, used 129246K [0x00000006c7000000, 0x0000000800000000)
  region size 1024K, 38 young (38912K), 4 survivors (4096K)
 Metaspace       used 46269K, capacity 47263K, committed 47744K, reserved 1091584K
  class space    used 4987K, capacity 5429K, committed 5504K, reserved 1048576K
GC Heap History (10 events):
Event: 1424.300 GC heap before
{Heap before GC invocations=50 (full 0):
 garbage-first heap   total 391168K, used 323308K [0x00000006c7000000, 0x0000000800000000)
  region size 1024K, 229 young (234496K), 5 survivors (5120K)
 Metaspace       used 46133K, capacity 47196K, committed 47488K, reserved 1091584K
  class space    used 4971K, capacity 5429K, committed 5504K, reserved 1048576K
}
Event: 1424.303 GC heap after
{Heap after GC invocations=51 (full 0):
 garbage-first heap   total 391168K, used 94200K [0x00000006c7000000, 0x0000000800000000)
  region size 1024K, 5 young (5120K), 5 survivors (5120K)
 Metaspace       used 46133K, capacity 47196K, committed 47488K, reserved 1091584K
  class space    used 4971K, capacity 5429K, committed 5504K, reserved 1048576K
}
Event: 1424.620 GC heap before
{Heap before GC invocations=51 (full 0):
 garbage-first heap   total 391168K, used 323576K [0x00000006c7000000, 0x0000000800000000)
  region size 1024K, 229 young (234496K), 5 survivors (5120K)
 Metaspace       used 46133K, capacity 47196K, committed 47488K, reserved 1091584K
  class space    used 4971K, capacity 5429K, committed 5504K, reserved 1048576K
}
Event: 1424.624 GC heap after
{Heap after GC invocations=52 (full 0):
 garbage-first heap   total 391168K, used 94652K [0x00000006c7000000, 0x0000000800000000)
  region size 1024K, 5 young (5120K), 5 survivors (5120K)
 Metaspace       used 46133K, capacity 47196K, committed 47488K, reserved 1091584K
  class space    used 4971K, capacity 5429K, committed 5504K, reserved 1048576K
}
Event: 1452.823 GC heap before
{Heap before GC invocations=52 (full 0):
 garbage-first heap   total 391168K, used 324028K [0x00000006c7000000, 0x0000000800000000)
  region size 1024K, 229 young (234496K), 5 survivors (5120K)
 Metaspace       used 46172K, capacity 47199K, committed 47488K, reserved 1091584K
  class space    used 4976K, capacity 5429K, committed 5504K, reserved 1048576K
}
Event: 1452.827 GC heap after
{Heap after GC invocations=53 (full 0):
 garbage-first heap   total 391168K, used 94619K [0x00000006c7000000, 0x0000000800000000)
  region size 1024K, 5 young (5120K), 5 survivors (5120K)
 Metaspace       used 46172K, capacity 47199K, committed 47488K, reserved 1091584K
  class space    used 4976K, capacity 5429K, committed 5504K, reserved 1048576K
}
Event: 1453.129 GC heap before
{Heap before GC invocations=53 (full 0):
 garbage-first heap   total 391168K, used 323995K [0x00000006c7000000, 0x0000000800000000)
  region size 1024K, 229 young (234496K), 5 survivors (5120K)
 Metaspace       used 46174K, capacity 47199K, committed 47488K, reserved 1091584K
  class space    used 4976K, capacity 5429K, committed 5504K, reserved 1048576K
}
Event: 1453.134 GC heap after
{Heap after GC invocations=54 (full 0):
 garbage-first heap   total 391168K, used 95208K [0x00000006c7000000, 0x0000000800000000)
  region size 1024K, 6 young (6144K), 6 survivors (6144K)
 Metaspace       used 46174K, capacity 47199K, committed 47488K, reserved 1091584K
  class space    used 4976K, capacity 5429K, committed 5504K, reserved 1048576K
}
Event: 1670.565 GC heap before
{Heap before GC invocations=54 (full 0):
 garbage-first heap   total 391168K, used 323560K [0x00000006c7000000, 0x0000000800000000)
  region size 1024K, 229 young (234496K), 6 survivors (6144K)
 Metaspace       used 46256K, capacity 47263K, committed 47744K, reserved 1091584K
  class space    used 4984K, capacity 5429K, committed 5504K, reserved 1048576K
}
Event: 1670.569 GC heap after
{Heap after GC invocations=55 (full 0):
 garbage-first heap   total 391168K, used 95454K [0x00000006c7000000, 0x0000000800000000)
  region size 1024K, 4 young (4096K), 4 survivors (4096K)
 Metaspace       used 46256K, capacity 47263K, committed 47744K, reserved 1091584K
  class space    used 4984K, capacity 5429K, committed 5504K, reserved 1048576K
}

