# JRE version: Java(TM) SE Runtime Environment (11.0.1+13) (build 11.0.1+13-LTS)
# Java VM: Java HotSpot(TM) 64-Bit Server VM (11.0.1+13-LTS, mixed mode, tiered, compressed oops, g1 gc, linux-amd64)
Heap:
 garbage-first heap   total 433152K, used 104752K [0x00000006c7000000, 0x0000000800000000)
  region size 1024K, 24 young (24576K), 6 survivors (6144K)
 Metaspace       used 42912K, capacity 43894K, committed 44160K, reserved 1087488K
  class space    used 4823K, capacity 5224K, committed 5248K, reserved 1048576K
GC Heap History (10 events):
Event: 4.788 GC heap before
{Heap before GC invocations=5 (full 0):
 garbage-first heap   total 321536K, used 130508K [0x00000006c7000000, 0x0000000800000000)
  region size 1024K, 104 young (106496K), 2 survivors (2048K)
 Metaspace       used 29146K, capacity 30091K, committed 30336K, reserved 1075200K
  class space    used 3235K, capacity 3625K, committed 3712K, reserved 1048576K
}
Event: 4.799 GC heap after
{Heap after GC invocations=6 (full 0):
 garbage-first heap   total 321536K, used 36707K [0x00000006c7000000, 0x0000000800000000)
  region size 1024K, 11 young (11264K), 11 survivors (11264K)
 Metaspace       used 29146K, capacity 30091K, committed 30336K, reserved 1075200K
  class space    used 3235K, capacity 3625K, committed 3712K, reserved 1048576K
}
Event: 5.570 GC heap before
{Heap before GC invocations=7 (full 0):
 garbage-first heap   total 321536K, used 167779K [0x00000006c7000000, 0x0000000800000000)
  region size 1024K, 134 young (137216K), 11 survivors (11264K)
 Metaspace       used 30204K, capacity 31249K, committed 31488K, reserved 1077248K
  class space    used 3306K, capacity 3753K, committed 3840K, reserved 1048576K
}
Event: 5.586 GC heap after
{Heap after GC invocations=8 (full 0):
 garbage-first heap   total 433152K, used 58460K [0x00000006c7000000, 0x0000000800000000)
  region size 1024K, 17 young (17408K), 17 survivors (17408K)
 Metaspace       used 30204K, capacity 31249K, committed 31488K, reserved 1077248K
  class space    used 3306K, capacity 3753K, committed 3840K, reserved 1048576K
}
Event: 6.158 GC heap before
{Heap before GC invocations=8 (full 0):
 garbage-first heap   total 433152K, used 219228K [0x00000006c7000000, 0x0000000800000000)
  region size 1024K, 174 young (178176K), 17 survivors (17408K)
 Metaspace       used 30765K, capacity 31792K, committed 32000K, reserved 1077248K
  class space    used 3309K, capacity 3757K, committed 3840K, reserved 1048576K
}
Event: 6.164 GC heap after
{Heap after GC invocations=9 (full 0):
 garbage-first heap   total 433152K, used 58368K [0x00000006c7000000, 0x0000000800000000)
  region size 1024K, 3 young (3072K), 3 survivors (3072K)
 Metaspace       used 30765K, capacity 31792K, committed 32000K, reserved 1077248K
  class space    used 3309K, capacity 3757K, committed 3840K, reserved 1048576K
}
Event: 6.992 GC heap before
{Heap before GC invocations=9 (full 0):
 garbage-first heap   total 433152K, used 258048K [0x00000006c7000000, 0x0000000800000000)
  region size 1024K, 196 young (200704K), 3 survivors (3072K)
 Metaspace       used 31380K, capacity 32418K, committed 32512K, reserved 1077248K
  class space    used 3321K, capacity 3761K, committed 3840K, reserved 1048576K
}
Event: 7.009 GC heap after
{Heap after GC invocations=10 (full 0):
 garbage-first heap   total 433152K, used 87503K [0x00000006c7000000, 0x0000000800000000)
  region size 1024K, 25 young (25600K), 25 survivors (25600K)
 Metaspace       used 31380K, capacity 32418K, committed 32512K, reserved 1077248K
  class space    used 3321K, capacity 3761K, committed 3840K, reserved 1048576K
}
Event: 18.502 GC heap before
{Heap before GC invocations=10 (full 0):
 garbage-first heap   total 433152K, used 300495K [0x00000006c7000000, 0x0000000800000000)
  region size 1024K, 230 young (235520K), 25 survivors (25600K)
 Metaspace       used 42568K, capacity 43579K, committed 43904K, reserved 1087488K
  class space    used 4784K, capacity 5188K, committed 5248K, reserved 1048576K
}
Event: 18.517 GC heap after
{Heap after GC invocations=11 (full 0):
 garbage-first heap   total 433152K, used 87344K [0x00000006c7000000, 0x0000000800000000)
  region size 1024K, 6 young (6144K), 6 survivors (6144K)
 Metaspace       used 42568K, capacity 43579K, committed 43904K, reserved 1087488K
  class space    used 4784K, capacity 5188K, committed 5248K, reserved 1048576K
}

